Using pre-set license
Built from '2022.3/staging' branch; Version is '2022.3.43f1 (85497d293fa1) revision 8735101'; Using compiler version '192829333'; Build Type 'Release'
OS: 'Windows 11  (10.0.22631) 64bit Core' Language: 'en' Physical Memory: 16075 MB
BatchMode: 1, IsHumanControllingUs: 0, StartBugReporterOnCrash: 0, Is64bit: 1, IsPro: 1

COMMAND LINE ARGUMENTS:
C:\Program Files\Unity\Hub\Editor\2022.3.43f1\Editor\Unity.exe
-adb2
-batchMode
-noUpm
-name
AssetImportWorker1
-projectPath
C:/Users/azeve/Desktop/Fluid Sim - Side Project (Rodri)/FSim
-logFile
Logs/AssetImportWorker1.log
-srvPort
58958
Successfully changed project path to: C:/Users/azeve/Desktop/Fluid Sim - Side Project (Rodri)/FSim
C:/Users/azeve/Desktop/Fluid Sim - Side Project (Rodri)/FSim
[UnityMemory] Configuration Parameters - Can be set up in boot.config
    "memorysetup-bucket-allocator-granularity=16"
    "memorysetup-bucket-allocator-bucket-count=8"
    "memorysetup-bucket-allocator-block-size=33554432"
    "memorysetup-bucket-allocator-block-count=8"
    "memorysetup-main-allocator-block-size=16777216"
    "memorysetup-thread-allocator-block-size=16777216"
    "memorysetup-gfx-main-allocator-block-size=16777216"
    "memorysetup-gfx-thread-allocator-block-size=16777216"
    "memorysetup-cache-allocator-block-size=4194304"
    "memorysetup-typetree-allocator-block-size=2097152"
    "memorysetup-profiler-bucket-allocator-granularity=16"
    "memorysetup-profiler-bucket-allocator-bucket-count=8"
    "memorysetup-profiler-bucket-allocator-block-size=33554432"
    "memorysetup-profiler-bucket-allocator-block-count=8"
    "memorysetup-profiler-allocator-block-size=16777216"
    "memorysetup-profiler-editor-allocator-block-size=1048576"
    "memorysetup-temp-allocator-size-main=16777216"
    "memorysetup-job-temp-allocator-block-size=2097152"
    "memorysetup-job-temp-allocator-block-size-background=1048576"
    "memorysetup-job-temp-allocator-reduction-small-platforms=262144"
    "memorysetup-allocator-temp-initial-block-size-main=262144"
    "memorysetup-allocator-temp-initial-block-size-worker=262144"
    "memorysetup-temp-allocator-size-background-worker=32768"
    "memorysetup-temp-allocator-size-job-worker=262144"
    "memorysetup-temp-allocator-size-preload-manager=33554432"
    "memorysetup-temp-allocator-size-nav-mesh-worker=65536"
    "memorysetup-temp-allocator-size-audio-worker=65536"
    "memorysetup-temp-allocator-size-cloud-worker=32768"
    "memorysetup-temp-allocator-size-gi-baking-worker=262144"
    "memorysetup-temp-allocator-size-gfx=262144"
Player connection [13460]  Target information:

Player connection [13460]  * "[IP] 192.168.56.1 [Port] 0 [Flags] 2 [Guid] 1290178654 [EditorId] 1290178654 [Version] 1048832 [Id] WindowsEditor(7,Laptop-Rafael) [Debug] 1 [PackageName] WindowsEditor [ProjectName] Editor" 

Player connection [13460]  * "[IP] 192.168.1.172 [Port] 0 [Flags] 2 [Guid] 1290178654 [EditorId] 1290178654 [Version] 1048832 [Id] WindowsEditor(7,Laptop-Rafael) [Debug] 1 [PackageName] WindowsEditor [ProjectName] Editor" 

Player connection [13460] Host joined multi-casting on [225.0.0.222:54997]...
Player connection [13460] Host joined alternative multi-casting on [225.0.0.222:34997]...
[PhysX] Initialized MultithreadedTaskDispatcher with 8 workers.
Refreshing native plugins compatible for Editor in 23.16 ms, found 4 plugins.
Preloading 0 native plugins for Editor in 0.00 ms.
Initialize engine version: 2022.3.43f1 (85497d293fa1)
[Subsystems] Discovering subsystems at path C:/Program Files/Unity/Hub/Editor/2022.3.43f1/Editor/Data/Resources/UnitySubsystems
[Subsystems] Discovering subsystems at path C:/Users/azeve/Desktop/Fluid Sim - Side Project (Rodri)/FSim/Assets
GfxDevice: creating device client; threaded=0; jobified=0
Direct3D:
    Version:  Direct3D 11.0 [level 11.1]
    Renderer: Intel(R) Iris(R) Xe Graphics (ID=0x9a49)
    Vendor:   Intel
    VRAM:     8037 MB
    Driver:   30.0.101.1660
Initialize mono
Mono path[0] = 'C:/Program Files/Unity/Hub/Editor/2022.3.43f1/Editor/Data/Managed'
Mono path[1] = 'C:/Program Files/Unity/Hub/Editor/2022.3.43f1/Editor/Data/MonoBleedingEdge/lib/mono/unityjit-win32'
Mono config path = 'C:/Program Files/Unity/Hub/Editor/2022.3.43f1/Editor/Data/MonoBleedingEdge/etc'
Using monoOptions --debugger-agent=transport=dt_socket,embedding=1,server=y,suspend=n,address=127.0.0.1:56960
Begin MonoManager ReloadAssembly
Registering precompiled unity dll's ...
Register platform support module: C:/Program Files/Unity/Hub/Editor/2022.3.43f1/Editor/Data/PlaybackEngines/WindowsStandaloneSupport/UnityEditor.WindowsStandalone.Extensions.dll
Registered in 0.011884 seconds.
- Loaded All Assemblies, in  1.840 seconds
Native extension for WindowsStandalone target not found
Mono: successfully reloaded assembly
- Finished resetting the current domain, in  0.649 seconds
Domain Reload Profiling: 2487ms
	BeginReloadAssembly (1205ms)
		ExecutionOrderSort (0ms)
		DisableScriptedObjects (0ms)
		BackupInstance (0ms)
		ReleaseScriptingObjects (0ms)
		CreateAndSetChildDomain (2ms)
	RebuildCommonClasses (156ms)
	RebuildNativeTypeToScriptingClass (34ms)
	initialDomainReloadingComplete (158ms)
	LoadAllAssembliesAndSetupDomain (284ms)
		LoadAssemblies (1201ms)
		RebuildTransferFunctionScriptingTraits (0ms)
		AnalyzeDomain (278ms)
			TypeCache.Refresh (276ms)
				TypeCache.ScanAssembly (253ms)
			ScanForSourceGeneratedMonoScriptInfo (1ms)
			ResolveRequiredComponents (1ms)
	FinalizeReload (650ms)
		ReleaseScriptCaches (0ms)
		RebuildScriptCaches (0ms)
		SetupLoadedEditorAssemblies (547ms)
			LogAssemblyErrors (0ms)
			InitializePlatformSupportModulesInManaged (24ms)
			SetLoadedEditorAssemblies (16ms)
			RefreshPlugins (0ms)
			BeforeProcessingInitializeOnLoad (4ms)
			ProcessInitializeOnLoadAttributes (419ms)
			ProcessInitializeOnLoadMethodAttributes (84ms)
			AfterProcessingInitializeOnLoad (0ms)
			EditorAssembliesLoaded (0ms)
		ExecutionOrderSort2 (0ms)
		AwakeInstancesAfterBackupRestoration (0ms)
========================================================================
Worker process is ready to serve import requests
Caller must complete domain reload
Begin MonoManager ReloadAssembly
- Loaded All Assemblies, in  1.036 seconds
Native extension for WindowsStandalone target not found
Package Manager log level set to [2]
[Package Manager] Server::EnsureServerProcessIsRunning -- launch failed, reason: Unity was launched with the -noUpm command-line argument
[Package Manager] UpmClient::Send -- Unable to send message (not connected to UPM process).
[Package Manager] Cannot connect to Unity Package Manager local server
Mono: successfully reloaded assembly
- Finished resetting the current domain, in  1.043 seconds
Domain Reload Profiling: 2076ms
	BeginReloadAssembly (244ms)
		ExecutionOrderSort (0ms)
		DisableScriptedObjects (14ms)
		BackupInstance (0ms)
		ReleaseScriptingObjects (0ms)
		CreateAndSetChildDomain (36ms)
	RebuildCommonClasses (53ms)
	RebuildNativeTypeToScriptingClass (13ms)
	initialDomainReloadingComplete (68ms)
	LoadAllAssembliesAndSetupDomain (654ms)
		LoadAssemblies (507ms)
		RebuildTransferFunctionScriptingTraits (0ms)
		AnalyzeDomain (277ms)
			TypeCache.Refresh (236ms)
				TypeCache.ScanAssembly (212ms)
			ScanForSourceGeneratedMonoScriptInfo (32ms)
			ResolveRequiredComponents (7ms)
	FinalizeReload (1044ms)
		ReleaseScriptCaches (0ms)
		RebuildScriptCaches (0ms)
		SetupLoadedEditorAssemblies (715ms)
			LogAssemblyErrors (0ms)
			InitializePlatformSupportModulesInManaged (8ms)
			SetLoadedEditorAssemblies (5ms)
			RefreshPlugins (0ms)
			BeforeProcessingInitializeOnLoad (86ms)
			ProcessInitializeOnLoadAttributes (550ms)
			ProcessInitializeOnLoadMethodAttributes (59ms)
			AfterProcessingInitializeOnLoad (8ms)
			EditorAssembliesLoaded (0ms)
		ExecutionOrderSort2 (0ms)
		AwakeInstancesAfterBackupRestoration (9ms)
Launched and connected shader compiler UnityShaderCompiler.exe after 0.08 seconds
Refreshing native plugins compatible for Editor in 7.21 ms, found 4 plugins.
Preloading 0 native plugins for Editor in 0.00 ms.
Unloading 4087 Unused Serialized files (Serialized files now loaded: 0)
Unloading 41 unused Assets / (384.5 KB). Loaded Objects now: 4548.
Memory consumption went from 148.5 MB to 148.1 MB.
Total: 14.508900 ms (FindLiveObjects: 2.076500 ms CreateObjectMapping: 1.109400 ms MarkObjects: 10.943100 ms  DeleteObjects: 0.377400 ms)

AssetImportParameters requested are different than current active one (requested -> active):
  custom:container-demuxer-ogg: 62fdf1f143b41e24485cea50d1cbac27 -> 
  custom:video-decoder-ogg-theora: a1e56fd34408186e4bbccfd4996cb3dc -> 
  custom:framework-win-MediaFoundation: 216162199b28c13a410421893ffa2e32 -> 
  custom:CustomObjectIndexerAttribute: 9a22284fe3817be447336de3de66b15e -> 
  custom:container-demuxer-webm: 4f35f7cbe854078d1ac9338744f61a02 -> 
  custom:container-muxer-webm: aa71ff27fc2769a1b78a27578f13a17b -> 
  custom:video-decoder-webm-vp8: 9c59270c3fd7afecdb556c50c9e8de78 -> 
  custom:SearchIndexIgnoredProperties: e643bd26f0fe6173181afceb89e7c659 -> 
  custom:AudioImporter_EditorPlatform: d09bf68614088b80899f8185d706f6e7 -> 
  custom:video-encoder-webm-vp8: eb34c28f22e8b96e1ab97ce403110664 -> 
  custom:audio-decoder-ogg-vorbis: bf7c407c2cedff20999df2af8eb42d56 -> 
  custom:audio-encoder-webm-vorbis: bf7c407c2cedff20999df2af8eb42d56 -> 
========================================================================
Received Prepare
Caller must complete domain reload
Begin MonoManager ReloadAssembly
- Loaded All Assemblies, in  1.382 seconds
Native extension for WindowsStandalone target not found
[Package Manager] Server::EnsureServerProcessIsRunning -- launch failed, reason: Unity was launched with the -noUpm command-line argument
[Package Manager] UpmClient::Send -- Unable to send message (not connected to UPM process).
[Package Manager] Cannot connect to Unity Package Manager local server
Mono: successfully reloaded assembly
- Finished resetting the current domain, in  0.836 seconds
Domain Reload Profiling: 2216ms
	BeginReloadAssembly (776ms)
		ExecutionOrderSort (0ms)
		DisableScriptedObjects (539ms)
		BackupInstance (0ms)
		ReleaseScriptingObjects (0ms)
		CreateAndSetChildDomain (65ms)
	RebuildCommonClasses (67ms)
	RebuildNativeTypeToScriptingClass (21ms)
	initialDomainReloadingComplete (52ms)
	LoadAllAssembliesAndSetupDomain (462ms)
		LoadAssemblies (537ms)
		RebuildTransferFunctionScriptingTraits (0ms)
		AnalyzeDomain (58ms)
			TypeCache.Refresh (15ms)
				TypeCache.ScanAssembly (1ms)
			ScanForSourceGeneratedMonoScriptInfo (24ms)
			ResolveRequiredComponents (17ms)
	FinalizeReload (837ms)
		ReleaseScriptCaches (0ms)
		RebuildScriptCaches (0ms)
		SetupLoadedEditorAssemblies (551ms)
			LogAssemblyErrors (0ms)
			InitializePlatformSupportModulesInManaged (9ms)
			SetLoadedEditorAssemblies (6ms)
			RefreshPlugins (0ms)
			BeforeProcessingInitializeOnLoad (90ms)
			ProcessInitializeOnLoadAttributes (400ms)
			ProcessInitializeOnLoadMethodAttributes (37ms)
			AfterProcessingInitializeOnLoad (8ms)
			EditorAssembliesLoaded (0ms)
		ExecutionOrderSort2 (0ms)
		AwakeInstancesAfterBackupRestoration (17ms)
Refreshing native plugins compatible for Editor in 10.18 ms, found 4 plugins.
Preloading 0 native plugins for Editor in 0.00 ms.
Unloading 4054 Unused Serialized files (Serialized files now loaded: 0)
Unloading 34 unused Assets / (359.7 KB). Loaded Objects now: 4547.
Memory consumption went from 142.5 MB to 142.2 MB.
Total: 18.303900 ms (FindLiveObjects: 0.748300 ms CreateObjectMapping: 0.497100 ms MarkObjects: 16.634400 ms  DeleteObjects: 0.420900 ms)

Prepare: number of updated asset objects reloaded= 0
AssetImportParameters requested are different than current active one (requested -> active):
  custom:scripting/monoscript/fileName/ArrowSettings.cs: 304fd55359ab1620598e02dd81c03219 -> 
  custom:container-demuxer-ogg: 62fdf1f143b41e24485cea50d1cbac27 -> 
  custom:scripting/monoscript/fileName/VisMaths.cs: bfe787ff15edd98326f7971ae9e09e04 -> 
  custom:scripting/monoscript/fileName/FluidBehaviour.cs: bb7cb70b0c00c4615ea7fc651f01c110 -> 
  custom:scripting/monoscript/fileName/GraphColours.cs: 80bf2fa9400a13ae6b10824befbc3ae1 -> 
  custom:scripting/monoscript/fileName/GridEditor.cs: f4a62cded9d2f31ea0045e272777560a -> 
  custom:video-decoder-ogg-theora: a1e56fd34408186e4bbccfd4996cb3dc -> 
  custom:framework-win-MediaFoundation: 216162199b28c13a410421893ffa2e32 -> 
  custom:scripting/monoscript/fileName/ArrayHelper.cs: 8743b9089ff88462a62690119b26d5c4 -> 
  custom:scripting/monoscript/fileName/VectorHelper.cs: e2c63cb286fcd4c5d70f548ba724eb44 -> 
  custom:scripting/monoscript/fileName/ExtensionMethods.cs: 7fc3b38c288311651540771c5a66a9dd -> 
  custom:CustomObjectIndexerAttribute: 9a22284fe3817be447336de3de66b15e -> 
  custom:scripting/monoscript/fileName/GraphGrid.cs: 29a740e0269aeb30f858a6d9f6872d6e -> 
  custom:container-demuxer-webm: 4f35f7cbe854078d1ac9338744f61a02 -> 
  custom:scripting/monoscript/fileName/DrawManager.cs: cec44b4c2cd804c217ee710633368924 -> 
  custom:scripting/monoscript/fileName/Draw.cs: 0a2f53ab4d5eeebe12267e1dfb179001 -> 
  custom:scripting/monoscript/fileName/Polygon.cs: bd937b1e4ce49990e43d3a3e2f05a6b3 -> 074eefc3142862da475643e41c179080
  custom:scripting/monoscript/fileName/Triangulator.cs: 9e7ee25c1884417d551d6943a71394e5 -> d867a9a7a8385ef82ff357feb70c59d4
  custom:scripting/monoscript/fileName/Ease.cs: 0c54cd5c7f5329d62a67bb3984adb577 -> 
  custom:container-muxer-webm: aa71ff27fc2769a1b78a27578f13a17b -> 
  custom:scripting/monoscript/fileName/PathDrawer.cs: 67f8d8e72263ceae87c72297107f1a95 -> 
  custom:video-decoder-webm-vp8: 9c59270c3fd7afecdb556c50c9e8de78 -> 
  custom:scripting/monoscript/fileName/QuadMeshGenerator.cs: e648804f55c2634523d28a889d58ea85 -> 
  custom:SearchIndexIgnoredProperties: e643bd26f0fe6173181afceb89e7c659 -> 
  custom:AudioImporter_EditorPlatform: d09bf68614088b80899f8185d706f6e7 -> 
  custom:scripting/monoscript/fileName/CubeMeshGenerator.cs: aaddb8fb0795c1d534c5f87a462474b8 -> 
  custom:scripting/monoscript/fileName/ComputeHelper.cs: 597e17e32c8710d4bc90b847d71719f5 -> 
  custom:scripting/monoscript/fileName/DrawerBase.cs: 3dbcc304847a77b7b8e5dfb3809d1a12 -> 
  custom:scripting/monoscript/fileName/DrawMaterials.cs: 751e0d6c8e7397347d5bfb75a4479c2e -> 
  custom:scripting/monoscript/fileName/Maths.cs: 0bf46472d0faa086cd48ee93be1a1834 -> 
  custom:scripting/monoscript/fileName/SphereMeshGenerator.cs: 33311bc2918761ad93ba77f69377670b -> 
  custom:scripting/monoscript/fileName/FunctionPlotter.cs: 756655855119a0cab5d868b3fb474847 -> 
  custom:video-encoder-webm-vp8: eb34c28f22e8b96e1ab97ce403110664 -> 
  custom:scripting/monoscript/fileName/PolygonMeshGenerator.cs: ff4b5c9e7e4683fbd248ecd0879ac6ed -> 
  custom:audio-decoder-ogg-vorbis: bf7c407c2cedff20999df2af8eb42d56 -> 
  custom:scripting/monoscript/fileName/IOHelper.cs: 40da2c3c8ddc5a3f653700b95e252565 -> 
  custom:scripting/monoscript/fileName/PathDrawPool.cs: ccea1c4df46178cac36fc52783b6601f -> 
  custom:audio-encoder-webm-vorbis: bf7c407c2cedff20999df2af8eb42d56 -> 
  custom:scripting/precompiled-assembly-types:Assembly-CSharp-Editor: 3bd5eddd55ae523205571ead983fd407 -> 
  custom:scripting/monoscript/fileName/Pool.cs: 90647cc400823b41df847a6cbfc29026 -> 
  custom:scripting/precompiled-assembly-types:Assembly-CSharp: 82c9a0b84e81c628ca889ceadd0bd2bc -> 
  custom:scripting/monoscript/fileName/TransformHelper.cs: 00a5a0f8b313811e08b1b4177191402c -> 
  custom:scripting/monoscript/fileName/ArrowDrawer.cs: e8ba205eb200ab88a6c4cb5f33808ec5 -> 
========================================================================
Received Prepare
Caller must complete domain reload
Begin MonoManager ReloadAssembly
- Loaded All Assemblies, in  0.567 seconds
Native extension for WindowsStandalone target not found
[Package Manager] Server::EnsureServerProcessIsRunning -- launch failed, reason: Unity was launched with the -noUpm command-line argument
[Package Manager] UpmClient::Send -- Unable to send message (not connected to UPM process).
[Package Manager] Cannot connect to Unity Package Manager local server
Mono: successfully reloaded assembly
- Finished resetting the current domain, in  2.176 seconds
Domain Reload Profiling: 2740ms
	BeginReloadAssembly (186ms)
		ExecutionOrderSort (0ms)
		DisableScriptedObjects (12ms)
		BackupInstance (0ms)
		ReleaseScriptingObjects (0ms)
		CreateAndSetChildDomain (37ms)
	RebuildCommonClasses (44ms)
	RebuildNativeTypeToScriptingClass (19ms)
	initialDomainReloadingComplete (37ms)
	LoadAllAssembliesAndSetupDomain (276ms)
		LoadAssemblies (363ms)
		RebuildTransferFunctionScriptingTraits (0ms)
		AnalyzeDomain (19ms)
			TypeCache.Refresh (9ms)
				TypeCache.ScanAssembly (0ms)
			ScanForSourceGeneratedMonoScriptInfo (0ms)
			ResolveRequiredComponents (8ms)
	FinalizeReload (2177ms)
		ReleaseScriptCaches (0ms)
		RebuildScriptCaches (0ms)
		SetupLoadedEditorAssemblies (648ms)
			LogAssemblyErrors (0ms)
			InitializePlatformSupportModulesInManaged (15ms)
			SetLoadedEditorAssemblies (7ms)
			RefreshPlugins (0ms)
			BeforeProcessingInitializeOnLoad (141ms)
			ProcessInitializeOnLoadAttributes (439ms)
			ProcessInitializeOnLoadMethodAttributes (41ms)
			AfterProcessingInitializeOnLoad (6ms)
			EditorAssembliesLoaded (0ms)
		ExecutionOrderSort2 (0ms)
		AwakeInstancesAfterBackupRestoration (16ms)
Refreshing native plugins compatible for Editor in 5.05 ms, found 4 plugins.
Preloading 0 native plugins for Editor in 0.00 ms.
Unloading 4054 Unused Serialized files (Serialized files now loaded: 0)
Unloading 28 unused Assets / (356.7 KB). Loaded Objects now: 4551.
Memory consumption went from 142.5 MB to 142.2 MB.
Total: 4.379300 ms (FindLiveObjects: 0.545900 ms CreateObjectMapping: 0.522100 ms MarkObjects: 3.053100 ms  DeleteObjects: 0.256300 ms)

Prepare: number of updated asset objects reloaded= 0
AssetImportParameters requested are different than current active one (requested -> active):
  custom:scripting/monoscript/fileName/ArrowSettings.cs: 304fd55359ab1620598e02dd81c03219 -> 
  custom:container-demuxer-ogg: 62fdf1f143b41e24485cea50d1cbac27 -> 
  custom:scripting/monoscript/fileName/VisMaths.cs: bfe787ff15edd98326f7971ae9e09e04 -> 
  custom:scripting/monoscript/fileName/FluidBehaviour.cs: bb7cb70b0c00c4615ea7fc651f01c110 -> 
  custom:scripting/monoscript/fileName/GraphColours.cs: 80bf2fa9400a13ae6b10824befbc3ae1 -> 
  custom:scripting/monoscript/fileName/GridEditor.cs: f4a62cded9d2f31ea0045e272777560a -> 
  custom:video-decoder-ogg-theora: a1e56fd34408186e4bbccfd4996cb3dc -> 
  custom:framework-win-MediaFoundation: 216162199b28c13a410421893ffa2e32 -> 
  custom:scripting/monoscript/fileName/ArrayHelper.cs: 8743b9089ff88462a62690119b26d5c4 -> 
  custom:scripting/monoscript/fileName/VectorHelper.cs: e2c63cb286fcd4c5d70f548ba724eb44 -> 
  custom:scripting/monoscript/fileName/ExtensionMethods.cs: 7fc3b38c288311651540771c5a66a9dd -> 
  custom:CustomObjectIndexerAttribute: 9a22284fe3817be447336de3de66b15e -> 
  custom:scripting/monoscript/fileName/GraphGrid.cs: 29a740e0269aeb30f858a6d9f6872d6e -> 
  custom:container-demuxer-webm: 4f35f7cbe854078d1ac9338744f61a02 -> 
  custom:scripting/monoscript/fileName/DrawManager.cs: cec44b4c2cd804c217ee710633368924 -> 
  custom:scripting/monoscript/fileName/Draw.cs: 0a2f53ab4d5eeebe12267e1dfb179001 -> 
  custom:scripting/monoscript/fileName/Polygon.cs: bd937b1e4ce49990e43d3a3e2f05a6b3 -> 074eefc3142862da475643e41c179080
  custom:scripting/monoscript/fileName/Triangulator.cs: 9e7ee25c1884417d551d6943a71394e5 -> d867a9a7a8385ef82ff357feb70c59d4
  custom:scripting/monoscript/fileName/Ease.cs: 0c54cd5c7f5329d62a67bb3984adb577 -> 
  custom:container-muxer-webm: aa71ff27fc2769a1b78a27578f13a17b -> 
  custom:scripting/monoscript/fileName/PathDrawer.cs: 67f8d8e72263ceae87c72297107f1a95 -> 
  custom:video-decoder-webm-vp8: 9c59270c3fd7afecdb556c50c9e8de78 -> 
  custom:scripting/monoscript/fileName/QuadMeshGenerator.cs: e648804f55c2634523d28a889d58ea85 -> 
  custom:SearchIndexIgnoredProperties: e643bd26f0fe6173181afceb89e7c659 -> 
  custom:AudioImporter_EditorPlatform: d09bf68614088b80899f8185d706f6e7 -> 
  custom:scripting/monoscript/fileName/CubeMeshGenerator.cs: aaddb8fb0795c1d534c5f87a462474b8 -> 
  custom:scripting/monoscript/fileName/ComputeHelper.cs: 597e17e32c8710d4bc90b847d71719f5 -> 
  custom:scripting/monoscript/fileName/DrawerBase.cs: 3dbcc304847a77b7b8e5dfb3809d1a12 -> 
  custom:scripting/monoscript/fileName/DrawMaterials.cs: 751e0d6c8e7397347d5bfb75a4479c2e -> 
  custom:scripting/monoscript/fileName/Maths.cs: 0bf46472d0faa086cd48ee93be1a1834 -> 
  custom:scripting/monoscript/fileName/SphereMeshGenerator.cs: 33311bc2918761ad93ba77f69377670b -> 
  custom:scripting/monoscript/fileName/FunctionPlotter.cs: 756655855119a0cab5d868b3fb474847 -> 
  custom:video-encoder-webm-vp8: eb34c28f22e8b96e1ab97ce403110664 -> 
  custom:scripting/monoscript/fileName/PolygonMeshGenerator.cs: ff4b5c9e7e4683fbd248ecd0879ac6ed -> 
  custom:audio-decoder-ogg-vorbis: bf7c407c2cedff20999df2af8eb42d56 -> 
  custom:scripting/monoscript/fileName/IOHelper.cs: 40da2c3c8ddc5a3f653700b95e252565 -> 
  custom:scripting/monoscript/fileName/PathDrawPool.cs: ccea1c4df46178cac36fc52783b6601f -> 
  custom:audio-encoder-webm-vorbis: bf7c407c2cedff20999df2af8eb42d56 -> 
  custom:scripting/precompiled-assembly-types:Assembly-CSharp-Editor: 3bd5eddd55ae523205571ead983fd407 -> 
  custom:scripting/monoscript/fileName/Pool.cs: 90647cc400823b41df847a6cbfc29026 -> 
  custom:scripting/precompiled-assembly-types:Assembly-CSharp: 82c9a0b84e81c628ca889ceadd0bd2bc -> 
  custom:scripting/monoscript/fileName/TransformHelper.cs: 00a5a0f8b313811e08b1b4177191402c -> 
  custom:scripting/monoscript/fileName/ArrowDrawer.cs: e8ba205eb200ab88a6c4cb5f33808ec5 -> 
========================================================================
Received Prepare
Caller must complete domain reload
Begin MonoManager ReloadAssembly
- Loaded All Assemblies, in  0.721 seconds
Native extension for WindowsStandalone target not found
[Package Manager] Server::EnsureServerProcessIsRunning -- launch failed, reason: Unity was launched with the -noUpm command-line argument
[Package Manager] UpmClient::Send -- Unable to send message (not connected to UPM process).
[Package Manager] Cannot connect to Unity Package Manager local server
Mono: successfully reloaded assembly
- Finished resetting the current domain, in  1.387 seconds
Domain Reload Profiling: 2104ms
	BeginReloadAssembly (270ms)
		ExecutionOrderSort (0ms)
		DisableScriptedObjects (27ms)
		BackupInstance (0ms)
		ReleaseScriptingObjects (0ms)
		CreateAndSetChildDomain (67ms)
	RebuildCommonClasses (62ms)
	RebuildNativeTypeToScriptingClass (15ms)
	initialDomainReloadingComplete (35ms)
	LoadAllAssembliesAndSetupDomain (336ms)
		LoadAssemblies (409ms)
		RebuildTransferFunctionScriptingTraits (0ms)
		AnalyzeDomain (44ms)
			TypeCache.Refresh (18ms)
				TypeCache.ScanAssembly (1ms)
			ScanForSourceGeneratedMonoScriptInfo (16ms)
			ResolveRequiredComponents (9ms)
	FinalizeReload (1387ms)
		ReleaseScriptCaches (0ms)
		RebuildScriptCaches (0ms)
		SetupLoadedEditorAssemblies (486ms)
			LogAssemblyErrors (0ms)
			InitializePlatformSupportModulesInManaged (8ms)
			SetLoadedEditorAssemblies (7ms)
			RefreshPlugins (0ms)
			BeforeProcessingInitializeOnLoad (90ms)
			ProcessInitializeOnLoadAttributes (325ms)
			ProcessInitializeOnLoadMethodAttributes (48ms)
			AfterProcessingInitializeOnLoad (8ms)
			EditorAssembliesLoaded (0ms)
		ExecutionOrderSort2 (0ms)
		AwakeInstancesAfterBackupRestoration (18ms)
Refreshing native plugins compatible for Editor in 4.37 ms, found 4 plugins.
Preloading 0 native plugins for Editor in 0.00 ms.
Unloading 4054 Unused Serialized files (Serialized files now loaded: 0)
Unloading 28 unused Assets / (356.5 KB). Loaded Objects now: 4555.
Memory consumption went from 142.5 MB to 142.2 MB.
Total: 3.418000 ms (FindLiveObjects: 0.343100 ms CreateObjectMapping: 0.149900 ms MarkObjects: 2.649900 ms  DeleteObjects: 0.273700 ms)

Prepare: number of updated asset objects reloaded= 0
AssetImportParameters requested are different than current active one (requested -> active):
  custom:scripting/monoscript/fileName/ArrowSettings.cs: 304fd55359ab1620598e02dd81c03219 -> 
  custom:container-demuxer-ogg: 62fdf1f143b41e24485cea50d1cbac27 -> 
  custom:scripting/monoscript/fileName/VisMaths.cs: bfe787ff15edd98326f7971ae9e09e04 -> 
  custom:scripting/monoscript/fileName/FluidBehaviour.cs: bb7cb70b0c00c4615ea7fc651f01c110 -> 
  custom:scripting/monoscript/fileName/GraphColours.cs: 80bf2fa9400a13ae6b10824befbc3ae1 -> 
  custom:scripting/monoscript/fileName/GridEditor.cs: f4a62cded9d2f31ea0045e272777560a -> 
  custom:video-decoder-ogg-theora: a1e56fd34408186e4bbccfd4996cb3dc -> 
  custom:framework-win-MediaFoundation: 216162199b28c13a410421893ffa2e32 -> 
  custom:scripting/monoscript/fileName/ArrayHelper.cs: 8743b9089ff88462a62690119b26d5c4 -> 
  custom:scripting/monoscript/fileName/VectorHelper.cs: e2c63cb286fcd4c5d70f548ba724eb44 -> 
  custom:scripting/monoscript/fileName/ExtensionMethods.cs: 7fc3b38c288311651540771c5a66a9dd -> 
  custom:CustomObjectIndexerAttribute: 9a22284fe3817be447336de3de66b15e -> 
  custom:scripting/monoscript/fileName/GraphGrid.cs: 29a740e0269aeb30f858a6d9f6872d6e -> 
  custom:container-demuxer-webm: 4f35f7cbe854078d1ac9338744f61a02 -> 
  custom:scripting/monoscript/fileName/DrawManager.cs: cec44b4c2cd804c217ee710633368924 -> 
  custom:scripting/monoscript/fileName/Draw.cs: 0a2f53ab4d5eeebe12267e1dfb179001 -> 
  custom:scripting/monoscript/fileName/Polygon.cs: bd937b1e4ce49990e43d3a3e2f05a6b3 -> 074eefc3142862da475643e41c179080
  custom:scripting/monoscript/fileName/Triangulator.cs: 9e7ee25c1884417d551d6943a71394e5 -> d867a9a7a8385ef82ff357feb70c59d4
  custom:scripting/monoscript/fileName/Ease.cs: 0c54cd5c7f5329d62a67bb3984adb577 -> 
  custom:container-muxer-webm: aa71ff27fc2769a1b78a27578f13a17b -> 
  custom:scripting/monoscript/fileName/PathDrawer.cs: 67f8d8e72263ceae87c72297107f1a95 -> 
  custom:video-decoder-webm-vp8: 9c59270c3fd7afecdb556c50c9e8de78 -> 
  custom:scripting/monoscript/fileName/QuadMeshGenerator.cs: e648804f55c2634523d28a889d58ea85 -> 
  custom:SearchIndexIgnoredProperties: e643bd26f0fe6173181afceb89e7c659 -> 
  custom:AudioImporter_EditorPlatform: d09bf68614088b80899f8185d706f6e7 -> 
  custom:scripting/monoscript/fileName/CubeMeshGenerator.cs: aaddb8fb0795c1d534c5f87a462474b8 -> 
  custom:scripting/monoscript/fileName/ComputeHelper.cs: 597e17e32c8710d4bc90b847d71719f5 -> 
  custom:scripting/monoscript/fileName/DrawerBase.cs: 3dbcc304847a77b7b8e5dfb3809d1a12 -> 
  custom:scripting/monoscript/fileName/DrawMaterials.cs: 751e0d6c8e7397347d5bfb75a4479c2e -> 
  custom:scripting/monoscript/fileName/Maths.cs: 0bf46472d0faa086cd48ee93be1a1834 -> 
  custom:scripting/monoscript/fileName/SphereMeshGenerator.cs: 33311bc2918761ad93ba77f69377670b -> 
  custom:scripting/monoscript/fileName/FunctionPlotter.cs: 756655855119a0cab5d868b3fb474847 -> 
  custom:video-encoder-webm-vp8: eb34c28f22e8b96e1ab97ce403110664 -> 
  custom:scripting/monoscript/fileName/PolygonMeshGenerator.cs: ff4b5c9e7e4683fbd248ecd0879ac6ed -> 
  custom:audio-decoder-ogg-vorbis: bf7c407c2cedff20999df2af8eb42d56 -> 
  custom:scripting/monoscript/fileName/IOHelper.cs: 40da2c3c8ddc5a3f653700b95e252565 -> 
  custom:scripting/monoscript/fileName/PathDrawPool.cs: ccea1c4df46178cac36fc52783b6601f -> 
  custom:audio-encoder-webm-vorbis: bf7c407c2cedff20999df2af8eb42d56 -> 
  custom:scripting/precompiled-assembly-types:Assembly-CSharp-Editor: 3bd5eddd55ae523205571ead983fd407 -> 
  custom:scripting/monoscript/fileName/Pool.cs: 90647cc400823b41df847a6cbfc29026 -> 
  custom:scripting/precompiled-assembly-types:Assembly-CSharp: 82c9a0b84e81c628ca889ceadd0bd2bc -> 
  custom:scripting/monoscript/fileName/TransformHelper.cs: 00a5a0f8b313811e08b1b4177191402c -> 
  custom:scripting/monoscript/fileName/ArrowDrawer.cs: e8ba205eb200ab88a6c4cb5f33808ec5 -> 
========================================================================
Received Prepare
Caller must complete domain reload
Begin MonoManager ReloadAssembly
- Loaded All Assemblies, in  0.598 seconds
Native extension for WindowsStandalone target not found
[Package Manager] Server::EnsureServerProcessIsRunning -- launch failed, reason: Unity was launched with the -noUpm command-line argument
[Package Manager] UpmClient::Send -- Unable to send message (not connected to UPM process).
[Package Manager] Cannot connect to Unity Package Manager local server
Mono: successfully reloaded assembly
- Finished resetting the current domain, in  1.131 seconds
Domain Reload Profiling: 1727ms
	BeginReloadAssembly (192ms)
		ExecutionOrderSort (0ms)
		DisableScriptedObjects (11ms)
		BackupInstance (0ms)
		ReleaseScriptingObjects (0ms)
		CreateAndSetChildDomain (44ms)
	RebuildCommonClasses (51ms)
	RebuildNativeTypeToScriptingClass (18ms)
	initialDomainReloadingComplete (42ms)
	LoadAllAssembliesAndSetupDomain (294ms)
		LoadAssemblies (361ms)
		RebuildTransferFunctionScriptingTraits (0ms)
		AnalyzeDomain (35ms)
			TypeCache.Refresh (11ms)
				TypeCache.ScanAssembly (1ms)
			ScanForSourceGeneratedMonoScriptInfo (12ms)
			ResolveRequiredComponents (9ms)
	FinalizeReload (1132ms)
		ReleaseScriptCaches (0ms)
		RebuildScriptCaches (0ms)
		SetupLoadedEditorAssemblies (502ms)
			LogAssemblyErrors (0ms)
			InitializePlatformSupportModulesInManaged (7ms)
			SetLoadedEditorAssemblies (4ms)
			RefreshPlugins (0ms)
			BeforeProcessingInitializeOnLoad (72ms)
			ProcessInitializeOnLoadAttributes (379ms)
			ProcessInitializeOnLoadMethodAttributes (34ms)
			AfterProcessingInitializeOnLoad (6ms)
			EditorAssembliesLoaded (0ms)
		ExecutionOrderSort2 (0ms)
		AwakeInstancesAfterBackupRestoration (15ms)
Refreshing native plugins compatible for Editor in 6.85 ms, found 4 plugins.
Preloading 0 native plugins for Editor in 0.00 ms.
Unloading 4054 Unused Serialized files (Serialized files now loaded: 0)
Unloading 28 unused Assets / (356.7 KB). Loaded Objects now: 4559.
Memory consumption went from 142.5 MB to 142.2 MB.
Total: 4.937700 ms (FindLiveObjects: 0.337400 ms CreateObjectMapping: 0.397200 ms MarkObjects: 3.814400 ms  DeleteObjects: 0.387100 ms)

Prepare: number of updated asset objects reloaded= 0
AssetImportParameters requested are different than current active one (requested -> active):
  custom:scripting/monoscript/fileName/ArrowSettings.cs: 304fd55359ab1620598e02dd81c03219 -> 
  custom:container-demuxer-ogg: 62fdf1f143b41e24485cea50d1cbac27 -> 
  custom:scripting/monoscript/fileName/VisMaths.cs: bfe787ff15edd98326f7971ae9e09e04 -> 
  custom:scripting/monoscript/fileName/FluidBehaviour.cs: bb7cb70b0c00c4615ea7fc651f01c110 -> 
  custom:scripting/monoscript/fileName/GraphColours.cs: 80bf2fa9400a13ae6b10824befbc3ae1 -> 
  custom:scripting/monoscript/fileName/GridEditor.cs: f4a62cded9d2f31ea0045e272777560a -> 
  custom:video-decoder-ogg-theora: a1e56fd34408186e4bbccfd4996cb3dc -> 
  custom:framework-win-MediaFoundation: 216162199b28c13a410421893ffa2e32 -> 
  custom:scripting/monoscript/fileName/ArrayHelper.cs: 8743b9089ff88462a62690119b26d5c4 -> 
  custom:scripting/monoscript/fileName/VectorHelper.cs: e2c63cb286fcd4c5d70f548ba724eb44 -> 
  custom:scripting/monoscript/fileName/ExtensionMethods.cs: 7fc3b38c288311651540771c5a66a9dd -> 
  custom:CustomObjectIndexerAttribute: 9a22284fe3817be447336de3de66b15e -> 
  custom:scripting/monoscript/fileName/GraphGrid.cs: 29a740e0269aeb30f858a6d9f6872d6e -> 
  custom:container-demuxer-webm: 4f35f7cbe854078d1ac9338744f61a02 -> 
  custom:scripting/monoscript/fileName/DrawManager.cs: cec44b4c2cd804c217ee710633368924 -> 
  custom:scripting/monoscript/fileName/Draw.cs: 0a2f53ab4d5eeebe12267e1dfb179001 -> 
  custom:scripting/monoscript/fileName/Polygon.cs: bd937b1e4ce49990e43d3a3e2f05a6b3 -> 074eefc3142862da475643e41c179080
  custom:scripting/monoscript/fileName/Triangulator.cs: 9e7ee25c1884417d551d6943a71394e5 -> d867a9a7a8385ef82ff357feb70c59d4
  custom:scripting/monoscript/fileName/Ease.cs: 0c54cd5c7f5329d62a67bb3984adb577 -> 
  custom:container-muxer-webm: aa71ff27fc2769a1b78a27578f13a17b -> 
  custom:scripting/monoscript/fileName/PathDrawer.cs: 67f8d8e72263ceae87c72297107f1a95 -> 
  custom:video-decoder-webm-vp8: 9c59270c3fd7afecdb556c50c9e8de78 -> 
  custom:scripting/monoscript/fileName/QuadMeshGenerator.cs: e648804f55c2634523d28a889d58ea85 -> 
  custom:SearchIndexIgnoredProperties: e643bd26f0fe6173181afceb89e7c659 -> 
  custom:AudioImporter_EditorPlatform: d09bf68614088b80899f8185d706f6e7 -> 
  custom:scripting/monoscript/fileName/CubeMeshGenerator.cs: aaddb8fb0795c1d534c5f87a462474b8 -> 
  custom:scripting/monoscript/fileName/ComputeHelper.cs: 597e17e32c8710d4bc90b847d71719f5 -> 
  custom:scripting/monoscript/fileName/DrawerBase.cs: 3dbcc304847a77b7b8e5dfb3809d1a12 -> 
  custom:scripting/monoscript/fileName/DrawMaterials.cs: 751e0d6c8e7397347d5bfb75a4479c2e -> 
  custom:scripting/monoscript/fileName/Maths.cs: 0bf46472d0faa086cd48ee93be1a1834 -> 
  custom:scripting/monoscript/fileName/SphereMeshGenerator.cs: 33311bc2918761ad93ba77f69377670b -> 
  custom:scripting/monoscript/fileName/FunctionPlotter.cs: 756655855119a0cab5d868b3fb474847 -> 
  custom:video-encoder-webm-vp8: eb34c28f22e8b96e1ab97ce403110664 -> 
  custom:scripting/monoscript/fileName/PolygonMeshGenerator.cs: ff4b5c9e7e4683fbd248ecd0879ac6ed -> 
  custom:audio-decoder-ogg-vorbis: bf7c407c2cedff20999df2af8eb42d56 -> 
  custom:scripting/monoscript/fileName/IOHelper.cs: 40da2c3c8ddc5a3f653700b95e252565 -> 
  custom:scripting/monoscript/fileName/PathDrawPool.cs: ccea1c4df46178cac36fc52783b6601f -> 
  custom:audio-encoder-webm-vorbis: bf7c407c2cedff20999df2af8eb42d56 -> 
  custom:scripting/precompiled-assembly-types:Assembly-CSharp-Editor: 3bd5eddd55ae523205571ead983fd407 -> 
  custom:scripting/monoscript/fileName/Pool.cs: 90647cc400823b41df847a6cbfc29026 -> 
  custom:scripting/precompiled-assembly-types:Assembly-CSharp: 82c9a0b84e81c628ca889ceadd0bd2bc -> 
  custom:scripting/monoscript/fileName/TransformHelper.cs: 00a5a0f8b313811e08b1b4177191402c -> 
  custom:scripting/monoscript/fileName/ArrowDrawer.cs: e8ba205eb200ab88a6c4cb5f33808ec5 -> 
========================================================================
Received Prepare
Caller must complete domain reload
Begin MonoManager ReloadAssembly
- Loaded All Assemblies, in  0.548 seconds
Native extension for WindowsStandalone target not found
[Package Manager] Server::EnsureServerProcessIsRunning -- launch failed, reason: Unity was launched with the -noUpm command-line argument
[Package Manager] UpmClient::Send -- Unable to send message (not connected to UPM process).
[Package Manager] Cannot connect to Unity Package Manager local server
Mono: successfully reloaded assembly
- Finished resetting the current domain, in  1.968 seconds
Domain Reload Profiling: 2512ms
	BeginReloadAssembly (180ms)
		ExecutionOrderSort (0ms)
		DisableScriptedObjects (17ms)
		BackupInstance (0ms)
		ReleaseScriptingObjects (0ms)
		CreateAndSetChildDomain (35ms)
	RebuildCommonClasses (51ms)
	RebuildNativeTypeToScriptingClass (21ms)
	initialDomainReloadingComplete (36ms)
	LoadAllAssembliesAndSetupDomain (255ms)
		LoadAssemblies (339ms)
		RebuildTransferFunctionScriptingTraits (0ms)
		AnalyzeDomain (15ms)
			TypeCache.Refresh (7ms)
				TypeCache.ScanAssembly (0ms)
			ScanForSourceGeneratedMonoScriptInfo (0ms)
			ResolveRequiredComponents (7ms)
	FinalizeReload (1968ms)
		ReleaseScriptCaches (0ms)
		RebuildScriptCaches (0ms)
		SetupLoadedEditorAssemblies (513ms)
			LogAssemblyErrors (0ms)
			InitializePlatformSupportModulesInManaged (7ms)
			SetLoadedEditorAssemblies (5ms)
			RefreshPlugins (0ms)
			BeforeProcessingInitializeOnLoad (80ms)
			ProcessInitializeOnLoadAttributes (378ms)
			ProcessInitializeOnLoadMethodAttributes (38ms)
			AfterProcessingInitializeOnLoad (5ms)
			EditorAssembliesLoaded (0ms)
		ExecutionOrderSort2 (0ms)
		AwakeInstancesAfterBackupRestoration (16ms)
Refreshing native plugins compatible for Editor in 4.67 ms, found 4 plugins.
Preloading 0 native plugins for Editor in 0.00 ms.
Unloading 4054 Unused Serialized files (Serialized files now loaded: 0)
Unloading 28 unused Assets / (356.5 KB). Loaded Objects now: 4563.
Memory consumption went from 142.5 MB to 142.2 MB.
Total: 3.198900 ms (FindLiveObjects: 0.315600 ms CreateObjectMapping: 0.148400 ms MarkObjects: 2.495900 ms  DeleteObjects: 0.237400 ms)

Prepare: number of updated asset objects reloaded= 0
AssetImportParameters requested are different than current active one (requested -> active):
  custom:scripting/monoscript/fileName/ArrowSettings.cs: 304fd55359ab1620598e02dd81c03219 -> 
  custom:container-demuxer-ogg: 62fdf1f143b41e24485cea50d1cbac27 -> 
  custom:scripting/monoscript/fileName/VisMaths.cs: bfe787ff15edd98326f7971ae9e09e04 -> 
  custom:scripting/monoscript/fileName/FluidBehaviour.cs: bb7cb70b0c00c4615ea7fc651f01c110 -> 
  custom:scripting/monoscript/fileName/GraphColours.cs: 80bf2fa9400a13ae6b10824befbc3ae1 -> 
  custom:scripting/monoscript/fileName/GridEditor.cs: f4a62cded9d2f31ea0045e272777560a -> 
  custom:video-decoder-ogg-theora: a1e56fd34408186e4bbccfd4996cb3dc -> 
  custom:framework-win-MediaFoundation: 216162199b28c13a410421893ffa2e32 -> 
  custom:scripting/monoscript/fileName/ArrayHelper.cs: 8743b9089ff88462a62690119b26d5c4 -> 
  custom:scripting/monoscript/fileName/VectorHelper.cs: e2c63cb286fcd4c5d70f548ba724eb44 -> 
  custom:scripting/monoscript/fileName/ExtensionMethods.cs: 7fc3b38c288311651540771c5a66a9dd -> 
  custom:CustomObjectIndexerAttribute: 9a22284fe3817be447336de3de66b15e -> 
  custom:scripting/monoscript/fileName/GraphGrid.cs: 29a740e0269aeb30f858a6d9f6872d6e -> 
  custom:container-demuxer-webm: 4f35f7cbe854078d1ac9338744f61a02 -> 
  custom:scripting/monoscript/fileName/DrawManager.cs: cec44b4c2cd804c217ee710633368924 -> 
  custom:scripting/monoscript/fileName/Draw.cs: 0a2f53ab4d5eeebe12267e1dfb179001 -> 
  custom:scripting/monoscript/fileName/Polygon.cs: bd937b1e4ce49990e43d3a3e2f05a6b3 -> 074eefc3142862da475643e41c179080
  custom:scripting/monoscript/fileName/Triangulator.cs: 9e7ee25c1884417d551d6943a71394e5 -> d867a9a7a8385ef82ff357feb70c59d4
  custom:scripting/monoscript/fileName/Ease.cs: 0c54cd5c7f5329d62a67bb3984adb577 -> 
  custom:container-muxer-webm: aa71ff27fc2769a1b78a27578f13a17b -> 
  custom:scripting/monoscript/fileName/PathDrawer.cs: 67f8d8e72263ceae87c72297107f1a95 -> 
  custom:video-decoder-webm-vp8: 9c59270c3fd7afecdb556c50c9e8de78 -> 
  custom:scripting/monoscript/fileName/QuadMeshGenerator.cs: e648804f55c2634523d28a889d58ea85 -> 
  custom:SearchIndexIgnoredProperties: e643bd26f0fe6173181afceb89e7c659 -> 
  custom:AudioImporter_EditorPlatform: d09bf68614088b80899f8185d706f6e7 -> 
  custom:scripting/monoscript/fileName/CubeMeshGenerator.cs: aaddb8fb0795c1d534c5f87a462474b8 -> 
  custom:scripting/monoscript/fileName/ComputeHelper.cs: 597e17e32c8710d4bc90b847d71719f5 -> 
  custom:scripting/monoscript/fileName/DrawerBase.cs: 3dbcc304847a77b7b8e5dfb3809d1a12 -> 
  custom:scripting/monoscript/fileName/DrawMaterials.cs: 751e0d6c8e7397347d5bfb75a4479c2e -> 
  custom:scripting/monoscript/fileName/Maths.cs: 0bf46472d0faa086cd48ee93be1a1834 -> 
  custom:scripting/monoscript/fileName/SphereMeshGenerator.cs: 33311bc2918761ad93ba77f69377670b -> 
  custom:scripting/monoscript/fileName/FunctionPlotter.cs: 756655855119a0cab5d868b3fb474847 -> 
  custom:video-encoder-webm-vp8: eb34c28f22e8b96e1ab97ce403110664 -> 
  custom:scripting/monoscript/fileName/PolygonMeshGenerator.cs: ff4b5c9e7e4683fbd248ecd0879ac6ed -> 
  custom:audio-decoder-ogg-vorbis: bf7c407c2cedff20999df2af8eb42d56 -> 
  custom:scripting/monoscript/fileName/IOHelper.cs: 40da2c3c8ddc5a3f653700b95e252565 -> 
  custom:scripting/monoscript/fileName/PathDrawPool.cs: ccea1c4df46178cac36fc52783b6601f -> 
  custom:audio-encoder-webm-vorbis: bf7c407c2cedff20999df2af8eb42d56 -> 
  custom:scripting/precompiled-assembly-types:Assembly-CSharp-Editor: 3bd5eddd55ae523205571ead983fd407 -> 
  custom:scripting/monoscript/fileName/Pool.cs: 90647cc400823b41df847a6cbfc29026 -> 
  custom:scripting/precompiled-assembly-types:Assembly-CSharp: 82c9a0b84e81c628ca889ceadd0bd2bc -> 
  custom:scripting/monoscript/fileName/TransformHelper.cs: 00a5a0f8b313811e08b1b4177191402c -> 
  custom:scripting/monoscript/fileName/ArrowDrawer.cs: e8ba205eb200ab88a6c4cb5f33808ec5 -> 
========================================================================
Received Prepare
Caller must complete domain reload
Begin MonoManager ReloadAssembly
- Loaded All Assemblies, in  0.713 seconds
Native extension for WindowsStandalone target not found
[Package Manager] Server::EnsureServerProcessIsRunning -- launch failed, reason: Unity was launched with the -noUpm command-line argument
[Package Manager] UpmClient::Send -- Unable to send message (not connected to UPM process).
[Package Manager] Cannot connect to Unity Package Manager local server
Mono: successfully reloaded assembly
- Finished resetting the current domain, in  1.340 seconds
Domain Reload Profiling: 2050ms
	BeginReloadAssembly (214ms)
		ExecutionOrderSort (0ms)
		DisableScriptedObjects (18ms)
		BackupInstance (0ms)
		ReleaseScriptingObjects (0ms)
		CreateAndSetChildDomain (45ms)
	RebuildCommonClasses (53ms)
	RebuildNativeTypeToScriptingClass (18ms)
	initialDomainReloadingComplete (43ms)
	LoadAllAssembliesAndSetupDomain (381ms)
		LoadAssemblies (455ms)
		RebuildTransferFunctionScriptingTraits (0ms)
		AnalyzeDomain (37ms)
			TypeCache.Refresh (14ms)
				TypeCache.ScanAssembly (1ms)
			ScanForSourceGeneratedMonoScriptInfo (13ms)
			ResolveRequiredComponents (8ms)
	FinalizeReload (1341ms)
		ReleaseScriptCaches (0ms)
		RebuildScriptCaches (0ms)
		SetupLoadedEditorAssemblies (530ms)
			LogAssemblyErrors (0ms)
			InitializePlatformSupportModulesInManaged (8ms)
			SetLoadedEditorAssemblies (7ms)
			RefreshPlugins (0ms)
			BeforeProcessingInitializeOnLoad (120ms)
			ProcessInitializeOnLoadAttributes (352ms)
			ProcessInitializeOnLoadMethodAttributes (37ms)
			AfterProcessingInitializeOnLoad (7ms)
			EditorAssembliesLoaded (0ms)
		ExecutionOrderSort2 (0ms)
		AwakeInstancesAfterBackupRestoration (15ms)
Refreshing native plugins compatible for Editor in 6.57 ms, found 4 plugins.
Preloading 0 native plugins for Editor in 0.00 ms.
Unloading 4054 Unused Serialized files (Serialized files now loaded: 0)
Unloading 28 unused Assets / (356.6 KB). Loaded Objects now: 4567.
Memory consumption went from 142.5 MB to 142.2 MB.
Total: 5.164900 ms (FindLiveObjects: 0.416800 ms CreateObjectMapping: 0.178500 ms MarkObjects: 4.258600 ms  DeleteObjects: 0.308900 ms)

Prepare: number of updated asset objects reloaded= 0
AssetImportParameters requested are different than current active one (requested -> active):
  custom:scripting/monoscript/fileName/ArrowSettings.cs: 304fd55359ab1620598e02dd81c03219 -> 
  custom:container-demuxer-ogg: 62fdf1f143b41e24485cea50d1cbac27 -> 
  custom:scripting/monoscript/fileName/VisMaths.cs: bfe787ff15edd98326f7971ae9e09e04 -> 
  custom:scripting/monoscript/fileName/FluidBehaviour.cs: bb7cb70b0c00c4615ea7fc651f01c110 -> 
  custom:scripting/monoscript/fileName/GraphColours.cs: 80bf2fa9400a13ae6b10824befbc3ae1 -> 
  custom:scripting/monoscript/fileName/GridEditor.cs: f4a62cded9d2f31ea0045e272777560a -> 
  custom:video-decoder-ogg-theora: a1e56fd34408186e4bbccfd4996cb3dc -> 
  custom:framework-win-MediaFoundation: 216162199b28c13a410421893ffa2e32 -> 
  custom:scripting/monoscript/fileName/ArrayHelper.cs: 8743b9089ff88462a62690119b26d5c4 -> 
  custom:scripting/monoscript/fileName/VectorHelper.cs: e2c63cb286fcd4c5d70f548ba724eb44 -> 
  custom:scripting/monoscript/fileName/ExtensionMethods.cs: 7fc3b38c288311651540771c5a66a9dd -> 
  custom:CustomObjectIndexerAttribute: 9a22284fe3817be447336de3de66b15e -> 
  custom:scripting/monoscript/fileName/GraphGrid.cs: 29a740e0269aeb30f858a6d9f6872d6e -> 
  custom:container-demuxer-webm: 4f35f7cbe854078d1ac9338744f61a02 -> 
  custom:scripting/monoscript/fileName/DrawManager.cs: cec44b4c2cd804c217ee710633368924 -> 
  custom:scripting/monoscript/fileName/Draw.cs: 0a2f53ab4d5eeebe12267e1dfb179001 -> 
  custom:scripting/monoscript/fileName/Polygon.cs: bd937b1e4ce49990e43d3a3e2f05a6b3 -> 074eefc3142862da475643e41c179080
  custom:scripting/monoscript/fileName/Triangulator.cs: 9e7ee25c1884417d551d6943a71394e5 -> d867a9a7a8385ef82ff357feb70c59d4
  custom:scripting/monoscript/fileName/Ease.cs: 0c54cd5c7f5329d62a67bb3984adb577 -> 
  custom:container-muxer-webm: aa71ff27fc2769a1b78a27578f13a17b -> 
  custom:scripting/monoscript/fileName/PathDrawer.cs: 67f8d8e72263ceae87c72297107f1a95 -> 
  custom:video-decoder-webm-vp8: 9c59270c3fd7afecdb556c50c9e8de78 -> 
  custom:scripting/monoscript/fileName/QuadMeshGenerator.cs: e648804f55c2634523d28a889d58ea85 -> 
  custom:SearchIndexIgnoredProperties: e643bd26f0fe6173181afceb89e7c659 -> 
  custom:AudioImporter_EditorPlatform: d09bf68614088b80899f8185d706f6e7 -> 
  custom:scripting/monoscript/fileName/CubeMeshGenerator.cs: aaddb8fb0795c1d534c5f87a462474b8 -> 
  custom:scripting/monoscript/fileName/ComputeHelper.cs: 597e17e32c8710d4bc90b847d71719f5 -> 
  custom:scripting/monoscript/fileName/DrawerBase.cs: 3dbcc304847a77b7b8e5dfb3809d1a12 -> 
  custom:scripting/monoscript/fileName/DrawMaterials.cs: 751e0d6c8e7397347d5bfb75a4479c2e -> 
  custom:scripting/monoscript/fileName/Maths.cs: 0bf46472d0faa086cd48ee93be1a1834 -> 
  custom:scripting/monoscript/fileName/SphereMeshGenerator.cs: 33311bc2918761ad93ba77f69377670b -> 
  custom:scripting/monoscript/fileName/FunctionPlotter.cs: 756655855119a0cab5d868b3fb474847 -> 
  custom:video-encoder-webm-vp8: eb34c28f22e8b96e1ab97ce403110664 -> 
  custom:scripting/monoscript/fileName/PolygonMeshGenerator.cs: ff4b5c9e7e4683fbd248ecd0879ac6ed -> 
  custom:audio-decoder-ogg-vorbis: bf7c407c2cedff20999df2af8eb42d56 -> 
  custom:scripting/monoscript/fileName/IOHelper.cs: 40da2c3c8ddc5a3f653700b95e252565 -> 
  custom:scripting/monoscript/fileName/PathDrawPool.cs: ccea1c4df46178cac36fc52783b6601f -> 
  custom:audio-encoder-webm-vorbis: bf7c407c2cedff20999df2af8eb42d56 -> 
  custom:scripting/precompiled-assembly-types:Assembly-CSharp-Editor: 3bd5eddd55ae523205571ead983fd407 -> 
  custom:scripting/monoscript/fileName/Pool.cs: 90647cc400823b41df847a6cbfc29026 -> 
  custom:scripting/precompiled-assembly-types:Assembly-CSharp: 82c9a0b84e81c628ca889ceadd0bd2bc -> 
  custom:scripting/monoscript/fileName/TransformHelper.cs: 00a5a0f8b313811e08b1b4177191402c -> 
  custom:scripting/monoscript/fileName/ArrowDrawer.cs: e8ba205eb200ab88a6c4cb5f33808ec5 -> 
========================================================================
Received Prepare
Caller must complete domain reload
Begin MonoManager ReloadAssembly
- Loaded All Assemblies, in  0.552 seconds
Native extension for WindowsStandalone target not found
[Package Manager] Server::EnsureServerProcessIsRunning -- launch failed, reason: Unity was launched with the -noUpm command-line argument
[Package Manager] UpmClient::Send -- Unable to send message (not connected to UPM process).
[Package Manager] Cannot connect to Unity Package Manager local server
Mono: successfully reloaded assembly
- Finished resetting the current domain, in  2.447 seconds
Domain Reload Profiling: 2997ms
	BeginReloadAssembly (203ms)
		ExecutionOrderSort (0ms)
		DisableScriptedObjects (16ms)
		BackupInstance (0ms)
		ReleaseScriptingObjects (0ms)
		CreateAndSetChildDomain (52ms)
	RebuildCommonClasses (43ms)
	RebuildNativeTypeToScriptingClass (12ms)
	initialDomainReloadingComplete (36ms)
	LoadAllAssembliesAndSetupDomain (256ms)
		LoadAssemblies (335ms)
		RebuildTransferFunctionScriptingTraits (0ms)
		AnalyzeDomain (17ms)
			TypeCache.Refresh (6ms)
				TypeCache.ScanAssembly (0ms)
			ScanForSourceGeneratedMonoScriptInfo (0ms)
			ResolveRequiredComponents (9ms)
	FinalizeReload (2448ms)
		ReleaseScriptCaches (0ms)
		RebuildScriptCaches (0ms)
		SetupLoadedEditorAssemblies (1020ms)
			LogAssemblyErrors (0ms)
			InitializePlatformSupportModulesInManaged (18ms)
			SetLoadedEditorAssemblies (11ms)
			RefreshPlugins (0ms)
			BeforeProcessingInitializeOnLoad (158ms)
			ProcessInitializeOnLoadAttributes (746ms)
			ProcessInitializeOnLoadMethodAttributes (74ms)
			AfterProcessingInitializeOnLoad (12ms)
			EditorAssembliesLoaded (2ms)
		ExecutionOrderSort2 (0ms)
		AwakeInstancesAfterBackupRestoration (28ms)
Refreshing native plugins compatible for Editor in 14.29 ms, found 4 plugins.
Preloading 0 native plugins for Editor in 0.00 ms.
Unloading 4054 Unused Serialized files (Serialized files now loaded: 0)
Unloading 28 unused Assets / (356.5 KB). Loaded Objects now: 4571.
Memory consumption went from 142.5 MB to 142.2 MB.
Total: 9.337400 ms (FindLiveObjects: 0.742700 ms CreateObjectMapping: 0.677600 ms MarkObjects: 7.605200 ms  DeleteObjects: 0.309100 ms)

Prepare: number of updated asset objects reloaded= 0
AssetImportParameters requested are different than current active one (requested -> active):
  custom:scripting/monoscript/fileName/ArrowSettings.cs: 304fd55359ab1620598e02dd81c03219 -> 
  custom:container-demuxer-ogg: 62fdf1f143b41e24485cea50d1cbac27 -> 
  custom:scripting/monoscript/fileName/VisMaths.cs: bfe787ff15edd98326f7971ae9e09e04 -> 
  custom:scripting/monoscript/fileName/FluidBehaviour.cs: bb7cb70b0c00c4615ea7fc651f01c110 -> 
  custom:scripting/monoscript/fileName/GraphColours.cs: 80bf2fa9400a13ae6b10824befbc3ae1 -> 
  custom:scripting/monoscript/fileName/GridEditor.cs: f4a62cded9d2f31ea0045e272777560a -> 
  custom:video-decoder-ogg-theora: a1e56fd34408186e4bbccfd4996cb3dc -> 
  custom:framework-win-MediaFoundation: 216162199b28c13a410421893ffa2e32 -> 
  custom:scripting/monoscript/fileName/ArrayHelper.cs: 8743b9089ff88462a62690119b26d5c4 -> 
  custom:scripting/monoscript/fileName/VectorHelper.cs: e2c63cb286fcd4c5d70f548ba724eb44 -> 
  custom:scripting/monoscript/fileName/ExtensionMethods.cs: 7fc3b38c288311651540771c5a66a9dd -> 
  custom:CustomObjectIndexerAttribute: 9a22284fe3817be447336de3de66b15e -> 
  custom:scripting/monoscript/fileName/GraphGrid.cs: 29a740e0269aeb30f858a6d9f6872d6e -> 
  custom:container-demuxer-webm: 4f35f7cbe854078d1ac9338744f61a02 -> 
  custom:scripting/monoscript/fileName/DrawManager.cs: cec44b4c2cd804c217ee710633368924 -> 
  custom:scripting/monoscript/fileName/Draw.cs: 0a2f53ab4d5eeebe12267e1dfb179001 -> 
  custom:scripting/monoscript/fileName/Polygon.cs: bd937b1e4ce49990e43d3a3e2f05a6b3 -> 074eefc3142862da475643e41c179080
  custom:scripting/monoscript/fileName/Triangulator.cs: 9e7ee25c1884417d551d6943a71394e5 -> d867a9a7a8385ef82ff357feb70c59d4
  custom:scripting/monoscript/fileName/Ease.cs: 0c54cd5c7f5329d62a67bb3984adb577 -> 
  custom:container-muxer-webm: aa71ff27fc2769a1b78a27578f13a17b -> 
  custom:scripting/monoscript/fileName/PathDrawer.cs: 67f8d8e72263ceae87c72297107f1a95 -> 
  custom:video-decoder-webm-vp8: 9c59270c3fd7afecdb556c50c9e8de78 -> 
  custom:scripting/monoscript/fileName/QuadMeshGenerator.cs: e648804f55c2634523d28a889d58ea85 -> 
  custom:SearchIndexIgnoredProperties: e643bd26f0fe6173181afceb89e7c659 -> 
  custom:AudioImporter_EditorPlatform: d09bf68614088b80899f8185d706f6e7 -> 
  custom:scripting/monoscript/fileName/CubeMeshGenerator.cs: aaddb8fb0795c1d534c5f87a462474b8 -> 
  custom:scripting/monoscript/fileName/ComputeHelper.cs: 597e17e32c8710d4bc90b847d71719f5 -> 
  custom:scripting/monoscript/fileName/DrawerBase.cs: 3dbcc304847a77b7b8e5dfb3809d1a12 -> 
  custom:scripting/monoscript/fileName/DrawMaterials.cs: 751e0d6c8e7397347d5bfb75a4479c2e -> 
  custom:scripting/monoscript/fileName/Maths.cs: 0bf46472d0faa086cd48ee93be1a1834 -> 
  custom:scripting/monoscript/fileName/SphereMeshGenerator.cs: 33311bc2918761ad93ba77f69377670b -> 
  custom:scripting/monoscript/fileName/FunctionPlotter.cs: 756655855119a0cab5d868b3fb474847 -> 
  custom:video-encoder-webm-vp8: eb34c28f22e8b96e1ab97ce403110664 -> 
  custom:scripting/monoscript/fileName/PolygonMeshGenerator.cs: ff4b5c9e7e4683fbd248ecd0879ac6ed -> 
  custom:audio-decoder-ogg-vorbis: bf7c407c2cedff20999df2af8eb42d56 -> 
  custom:scripting/monoscript/fileName/IOHelper.cs: 40da2c3c8ddc5a3f653700b95e252565 -> 
  custom:scripting/monoscript/fileName/PathDrawPool.cs: ccea1c4df46178cac36fc52783b6601f -> 
  custom:audio-encoder-webm-vorbis: bf7c407c2cedff20999df2af8eb42d56 -> 
  custom:scripting/precompiled-assembly-types:Assembly-CSharp-Editor: 3bd5eddd55ae523205571ead983fd407 -> 
  custom:scripting/monoscript/fileName/Pool.cs: 90647cc400823b41df847a6cbfc29026 -> 
  custom:scripting/precompiled-assembly-types:Assembly-CSharp: 82c9a0b84e81c628ca889ceadd0bd2bc -> 
  custom:scripting/monoscript/fileName/TransformHelper.cs: 00a5a0f8b313811e08b1b4177191402c -> 
  custom:scripting/monoscript/fileName/ArrowDrawer.cs: e8ba205eb200ab88a6c4cb5f33808ec5 -> 
========================================================================
Received Prepare
Caller must complete domain reload
Begin MonoManager ReloadAssembly
- Loaded All Assemblies, in  0.711 seconds
Native extension for WindowsStandalone target not found
[Package Manager] Server::EnsureServerProcessIsRunning -- launch failed, reason: Unity was launched with the -noUpm command-line argument
[Package Manager] UpmClient::Send -- Unable to send message (not connected to UPM process).
[Package Manager] Cannot connect to Unity Package Manager local server
Mono: successfully reloaded assembly
- Finished resetting the current domain, in  1.958 seconds
Domain Reload Profiling: 2666ms
	BeginReloadAssembly (228ms)
		ExecutionOrderSort (0ms)
		DisableScriptedObjects (16ms)
		BackupInstance (0ms)
		ReleaseScriptingObjects (0ms)
		CreateAndSetChildDomain (48ms)
	RebuildCommonClasses (62ms)
	RebuildNativeTypeToScriptingClass (19ms)
	initialDomainReloadingComplete (45ms)
	LoadAllAssembliesAndSetupDomain (354ms)
		LoadAssemblies (435ms)
		RebuildTransferFunctionScriptingTraits (0ms)
		AnalyzeDomain (41ms)
			TypeCache.Refresh (12ms)
				TypeCache.ScanAssembly (1ms)
			ScanForSourceGeneratedMonoScriptInfo (19ms)
			ResolveRequiredComponents (9ms)
	FinalizeReload (1958ms)
		ReleaseScriptCaches (0ms)
		RebuildScriptCaches (0ms)
		SetupLoadedEditorAssemblies (816ms)
			LogAssemblyErrors (0ms)
			InitializePlatformSupportModulesInManaged (10ms)
			SetLoadedEditorAssemblies (5ms)
			RefreshPlugins (0ms)
			BeforeProcessingInitializeOnLoad (127ms)
			ProcessInitializeOnLoadAttributes (627ms)
			ProcessInitializeOnLoadMethodAttributes (41ms)
			AfterProcessingInitializeOnLoad (5ms)
			EditorAssembliesLoaded (0ms)
		ExecutionOrderSort2 (0ms)
		AwakeInstancesAfterBackupRestoration (15ms)
Script is not up to date after domain reload: guid(a425fdb1402d8c34589f9ac8cbc01268) path("Assets/Scripts/FluidBehaviour.cs") state(2)
Refreshing native plugins compatible for Editor in 5.43 ms, found 4 plugins.
Preloading 0 native plugins for Editor in 0.00 ms.
Unloading 4053 Unused Serialized files (Serialized files now loaded: 0)
Unloading 28 unused Assets / (356.6 KB). Loaded Objects now: 4574.
Memory consumption went from 142.5 MB to 142.2 MB.
Total: 3.575200 ms (FindLiveObjects: 0.415200 ms CreateObjectMapping: 0.153600 ms MarkObjects: 2.727400 ms  DeleteObjects: 0.277200 ms)

Prepare: number of updated asset objects reloaded= 0
AssetImportParameters requested are different than current active one (requested -> active):
  custom:scripting/monoscript/fileName/ArrowSettings.cs: 304fd55359ab1620598e02dd81c03219 -> 
  custom:container-demuxer-ogg: 62fdf1f143b41e24485cea50d1cbac27 -> 
  custom:scripting/monoscript/fileName/VisMaths.cs: bfe787ff15edd98326f7971ae9e09e04 -> 
  custom:scripting/monoscript/fileName/FluidBehaviour.cs: bb7cb70b0c00c4615ea7fc651f01c110 -> 
  custom:scripting/monoscript/fileName/GraphColours.cs: 80bf2fa9400a13ae6b10824befbc3ae1 -> 
  custom:scripting/monoscript/fileName/GridEditor.cs: f4a62cded9d2f31ea0045e272777560a -> 
  custom:video-decoder-ogg-theora: a1e56fd34408186e4bbccfd4996cb3dc -> 
  custom:framework-win-MediaFoundation: 216162199b28c13a410421893ffa2e32 -> 
  custom:scripting/monoscript/fileName/ArrayHelper.cs: 8743b9089ff88462a62690119b26d5c4 -> 
  custom:scripting/monoscript/fileName/VectorHelper.cs: e2c63cb286fcd4c5d70f548ba724eb44 -> 
  custom:scripting/monoscript/fileName/ExtensionMethods.cs: 7fc3b38c288311651540771c5a66a9dd -> 
  custom:CustomObjectIndexerAttribute: 9a22284fe3817be447336de3de66b15e -> 
  custom:scripting/monoscript/fileName/GraphGrid.cs: 29a740e0269aeb30f858a6d9f6872d6e -> 
  custom:container-demuxer-webm: 4f35f7cbe854078d1ac9338744f61a02 -> 
  custom:scripting/monoscript/fileName/DrawManager.cs: cec44b4c2cd804c217ee710633368924 -> 
  custom:scripting/monoscript/fileName/Draw.cs: 0a2f53ab4d5eeebe12267e1dfb179001 -> 
  custom:scripting/monoscript/fileName/Polygon.cs: bd937b1e4ce49990e43d3a3e2f05a6b3 -> 074eefc3142862da475643e41c179080
  custom:scripting/monoscript/fileName/Triangulator.cs: 9e7ee25c1884417d551d6943a71394e5 -> d867a9a7a8385ef82ff357feb70c59d4
  custom:scripting/monoscript/fileName/Ease.cs: 0c54cd5c7f5329d62a67bb3984adb577 -> 
  custom:container-muxer-webm: aa71ff27fc2769a1b78a27578f13a17b -> 
  custom:scripting/monoscript/fileName/PathDrawer.cs: 67f8d8e72263ceae87c72297107f1a95 -> 
  custom:video-decoder-webm-vp8: 9c59270c3fd7afecdb556c50c9e8de78 -> 
  custom:scripting/monoscript/fileName/QuadMeshGenerator.cs: e648804f55c2634523d28a889d58ea85 -> 
  custom:SearchIndexIgnoredProperties: e643bd26f0fe6173181afceb89e7c659 -> 
  custom:AudioImporter_EditorPlatform: d09bf68614088b80899f8185d706f6e7 -> 
  custom:scripting/monoscript/fileName/CubeMeshGenerator.cs: aaddb8fb0795c1d534c5f87a462474b8 -> 
  custom:scripting/monoscript/fileName/ComputeHelper.cs: 597e17e32c8710d4bc90b847d71719f5 -> 
  custom:scripting/monoscript/fileName/DrawerBase.cs: 3dbcc304847a77b7b8e5dfb3809d1a12 -> 
  custom:scripting/monoscript/fileName/DrawMaterials.cs: 751e0d6c8e7397347d5bfb75a4479c2e -> 
  custom:scripting/monoscript/fileName/Maths.cs: 0bf46472d0faa086cd48ee93be1a1834 -> 
  custom:scripting/monoscript/fileName/SphereMeshGenerator.cs: 33311bc2918761ad93ba77f69377670b -> 
  custom:scripting/monoscript/fileName/FunctionPlotter.cs: 756655855119a0cab5d868b3fb474847 -> 
  custom:video-encoder-webm-vp8: eb34c28f22e8b96e1ab97ce403110664 -> 
  custom:scripting/monoscript/fileName/PolygonMeshGenerator.cs: ff4b5c9e7e4683fbd248ecd0879ac6ed -> 
  custom:audio-decoder-ogg-vorbis: bf7c407c2cedff20999df2af8eb42d56 -> 
  custom:scripting/monoscript/fileName/IOHelper.cs: 40da2c3c8ddc5a3f653700b95e252565 -> 
  custom:scripting/monoscript/fileName/PathDrawPool.cs: ccea1c4df46178cac36fc52783b6601f -> 
  custom:audio-encoder-webm-vorbis: bf7c407c2cedff20999df2af8eb42d56 -> 
  custom:scripting/precompiled-assembly-types:Assembly-CSharp-Editor: 3bd5eddd55ae523205571ead983fd407 -> 
  custom:scripting/monoscript/fileName/Pool.cs: 90647cc400823b41df847a6cbfc29026 -> 
  custom:scripting/precompiled-assembly-types:Assembly-CSharp: 82c9a0b84e81c628ca889ceadd0bd2bc -> 
  custom:scripting/monoscript/fileName/TransformHelper.cs: 00a5a0f8b313811e08b1b4177191402c -> 
  custom:scripting/monoscript/fileName/ArrowDrawer.cs: e8ba205eb200ab88a6c4cb5f33808ec5 -> 
========================================================================
Received Prepare
Caller must complete domain reload
Begin MonoManager ReloadAssembly
- Loaded All Assemblies, in  0.632 seconds
Native extension for WindowsStandalone target not found
[Package Manager] Server::EnsureServerProcessIsRunning -- launch failed, reason: Unity was launched with the -noUpm command-line argument
[Package Manager] UpmClient::Send -- Unable to send message (not connected to UPM process).
[Package Manager] Cannot connect to Unity Package Manager local server
Mono: successfully reloaded assembly
- Finished resetting the current domain, in  1.434 seconds
Domain Reload Profiling: 2062ms
	BeginReloadAssembly (181ms)
		ExecutionOrderSort (0ms)
		DisableScriptedObjects (15ms)
		BackupInstance (0ms)
		ReleaseScriptingObjects (0ms)
		CreateAndSetChildDomain (38ms)
	RebuildCommonClasses (65ms)
	RebuildNativeTypeToScriptingClass (15ms)
	initialDomainReloadingComplete (43ms)
	LoadAllAssembliesAndSetupDomain (323ms)
		LoadAssemblies (370ms)
		RebuildTransferFunctionScriptingTraits (0ms)
		AnalyzeDomain (49ms)
			TypeCache.Refresh (17ms)
				TypeCache.ScanAssembly (1ms)
			ScanForSourceGeneratedMonoScriptInfo (19ms)
			ResolveRequiredComponents (12ms)
	FinalizeReload (1434ms)
		ReleaseScriptCaches (0ms)
		RebuildScriptCaches (0ms)
		SetupLoadedEditorAssemblies (636ms)
			LogAssemblyErrors (0ms)
			InitializePlatformSupportModulesInManaged (7ms)
			SetLoadedEditorAssemblies (6ms)
			RefreshPlugins (0ms)
			BeforeProcessingInitializeOnLoad (109ms)
			ProcessInitializeOnLoadAttributes (456ms)
			ProcessInitializeOnLoadMethodAttributes (50ms)
			AfterProcessingInitializeOnLoad (7ms)
			EditorAssembliesLoaded (0ms)
		ExecutionOrderSort2 (0ms)
		AwakeInstancesAfterBackupRestoration (19ms)
Refreshing native plugins compatible for Editor in 9.24 ms, found 4 plugins.
Preloading 0 native plugins for Editor in 0.00 ms.
Unloading 4054 Unused Serialized files (Serialized files now loaded: 0)
Unloading 28 unused Assets / (356.8 KB). Loaded Objects now: 4579.
Memory consumption went from 142.6 MB to 142.2 MB.
Total: 4.318800 ms (FindLiveObjects: 0.367100 ms CreateObjectMapping: 0.168300 ms MarkObjects: 3.425000 ms  DeleteObjects: 0.356100 ms)

Prepare: number of updated asset objects reloaded= 0
AssetImportParameters requested are different than current active one (requested -> active):
  custom:scripting/monoscript/fileName/ArrowSettings.cs: 304fd55359ab1620598e02dd81c03219 -> 
  custom:container-demuxer-ogg: 62fdf1f143b41e24485cea50d1cbac27 -> 
  custom:scripting/monoscript/fileName/VisMaths.cs: bfe787ff15edd98326f7971ae9e09e04 -> 
  custom:scripting/monoscript/fileName/FluidBehaviour.cs: bb7cb70b0c00c4615ea7fc651f01c110 -> 
  custom:scripting/monoscript/fileName/GraphColours.cs: 80bf2fa9400a13ae6b10824befbc3ae1 -> 
  custom:scripting/monoscript/fileName/GridEditor.cs: f4a62cded9d2f31ea0045e272777560a -> 
  custom:video-decoder-ogg-theora: a1e56fd34408186e4bbccfd4996cb3dc -> 
  custom:framework-win-MediaFoundation: 216162199b28c13a410421893ffa2e32 -> 
  custom:scripting/monoscript/fileName/ArrayHelper.cs: 8743b9089ff88462a62690119b26d5c4 -> 
  custom:scripting/monoscript/fileName/VectorHelper.cs: e2c63cb286fcd4c5d70f548ba724eb44 -> 
  custom:scripting/monoscript/fileName/ExtensionMethods.cs: 7fc3b38c288311651540771c5a66a9dd -> 
  custom:CustomObjectIndexerAttribute: 9a22284fe3817be447336de3de66b15e -> 
  custom:scripting/monoscript/fileName/GraphGrid.cs: 29a740e0269aeb30f858a6d9f6872d6e -> 
  custom:container-demuxer-webm: 4f35f7cbe854078d1ac9338744f61a02 -> 
  custom:scripting/monoscript/fileName/DrawManager.cs: cec44b4c2cd804c217ee710633368924 -> 
  custom:scripting/monoscript/fileName/Draw.cs: 0a2f53ab4d5eeebe12267e1dfb179001 -> 
  custom:scripting/monoscript/fileName/Polygon.cs: bd937b1e4ce49990e43d3a3e2f05a6b3 -> 074eefc3142862da475643e41c179080
  custom:scripting/monoscript/fileName/Triangulator.cs: 9e7ee25c1884417d551d6943a71394e5 -> d867a9a7a8385ef82ff357feb70c59d4
  custom:scripting/monoscript/fileName/Ease.cs: 0c54cd5c7f5329d62a67bb3984adb577 -> 
  custom:container-muxer-webm: aa71ff27fc2769a1b78a27578f13a17b -> 
  custom:scripting/monoscript/fileName/PathDrawer.cs: 67f8d8e72263ceae87c72297107f1a95 -> 
  custom:video-decoder-webm-vp8: 9c59270c3fd7afecdb556c50c9e8de78 -> 
  custom:scripting/monoscript/fileName/QuadMeshGenerator.cs: e648804f55c2634523d28a889d58ea85 -> 
  custom:SearchIndexIgnoredProperties: e643bd26f0fe6173181afceb89e7c659 -> 
  custom:AudioImporter_EditorPlatform: d09bf68614088b80899f8185d706f6e7 -> 
  custom:scripting/monoscript/fileName/CubeMeshGenerator.cs: aaddb8fb0795c1d534c5f87a462474b8 -> 
  custom:scripting/monoscript/fileName/ComputeHelper.cs: 597e17e32c8710d4bc90b847d71719f5 -> 
  custom:scripting/monoscript/fileName/DrawerBase.cs: 3dbcc304847a77b7b8e5dfb3809d1a12 -> 
  custom:scripting/monoscript/fileName/DrawMaterials.cs: 751e0d6c8e7397347d5bfb75a4479c2e -> 
  custom:scripting/monoscript/fileName/Maths.cs: 0bf46472d0faa086cd48ee93be1a1834 -> 
  custom:scripting/monoscript/fileName/SphereMeshGenerator.cs: 33311bc2918761ad93ba77f69377670b -> 
  custom:scripting/monoscript/fileName/FunctionPlotter.cs: 756655855119a0cab5d868b3fb474847 -> 
  custom:video-encoder-webm-vp8: eb34c28f22e8b96e1ab97ce403110664 -> 
  custom:scripting/monoscript/fileName/PolygonMeshGenerator.cs: ff4b5c9e7e4683fbd248ecd0879ac6ed -> 
  custom:audio-decoder-ogg-vorbis: bf7c407c2cedff20999df2af8eb42d56 -> 
  custom:scripting/monoscript/fileName/IOHelper.cs: 40da2c3c8ddc5a3f653700b95e252565 -> 
  custom:scripting/monoscript/fileName/PathDrawPool.cs: ccea1c4df46178cac36fc52783b6601f -> 
  custom:audio-encoder-webm-vorbis: bf7c407c2cedff20999df2af8eb42d56 -> 
  custom:scripting/precompiled-assembly-types:Assembly-CSharp-Editor: 3bd5eddd55ae523205571ead983fd407 -> 
  custom:scripting/monoscript/fileName/Pool.cs: 90647cc400823b41df847a6cbfc29026 -> 
  custom:scripting/precompiled-assembly-types:Assembly-CSharp: 82c9a0b84e81c628ca889ceadd0bd2bc -> 
  custom:scripting/monoscript/fileName/TransformHelper.cs: 00a5a0f8b313811e08b1b4177191402c -> 
  custom:scripting/monoscript/fileName/ArrowDrawer.cs: e8ba205eb200ab88a6c4cb5f33808ec5 -> 
========================================================================
Received Prepare
Caller must complete domain reload
Begin MonoManager ReloadAssembly
- Loaded All Assemblies, in  0.520 seconds
Native extension for WindowsStandalone target not found
[Package Manager] Server::EnsureServerProcessIsRunning -- launch failed, reason: Unity was launched with the -noUpm command-line argument
[Package Manager] UpmClient::Send -- Unable to send message (not connected to UPM process).
[Package Manager] Cannot connect to Unity Package Manager local server
Mono: successfully reloaded assembly
- Finished resetting the current domain, in  2.371 seconds
Domain Reload Profiling: 2888ms
	BeginReloadAssembly (179ms)
		ExecutionOrderSort (0ms)
		DisableScriptedObjects (12ms)
		BackupInstance (0ms)
		ReleaseScriptingObjects (0ms)
		CreateAndSetChildDomain (37ms)
	RebuildCommonClasses (38ms)
	RebuildNativeTypeToScriptingClass (19ms)
	initialDomainReloadingComplete (36ms)
	LoadAllAssembliesAndSetupDomain (244ms)
		LoadAssemblies (328ms)
		RebuildTransferFunctionScriptingTraits (0ms)
		AnalyzeDomain (15ms)
			TypeCache.Refresh (7ms)
				TypeCache.ScanAssembly (0ms)
			ScanForSourceGeneratedMonoScriptInfo (0ms)
			ResolveRequiredComponents (7ms)
	FinalizeReload (2372ms)
		ReleaseScriptCaches (0ms)
		RebuildScriptCaches (0ms)
		SetupLoadedEditorAssemblies (1001ms)
			LogAssemblyErrors (0ms)
			InitializePlatformSupportModulesInManaged (16ms)
			SetLoadedEditorAssemblies (8ms)
			RefreshPlugins (0ms)
			BeforeProcessingInitializeOnLoad (158ms)
			ProcessInitializeOnLoadAttributes (740ms)
			ProcessInitializeOnLoadMethodAttributes (67ms)
			AfterProcessingInitializeOnLoad (12ms)
			EditorAssembliesLoaded (0ms)
		ExecutionOrderSort2 (0ms)
		AwakeInstancesAfterBackupRestoration (31ms)
Refreshing native plugins compatible for Editor in 5.35 ms, found 4 plugins.
Preloading 0 native plugins for Editor in 0.00 ms.
Unloading 4054 Unused Serialized files (Serialized files now loaded: 0)
Unloading 28 unused Assets / (356.7 KB). Loaded Objects now: 4583.
Memory consumption went from 142.6 MB to 142.2 MB.
Total: 4.042500 ms (FindLiveObjects: 0.317300 ms CreateObjectMapping: 0.136200 ms MarkObjects: 3.285200 ms  DeleteObjects: 0.302500 ms)

Prepare: number of updated asset objects reloaded= 0
AssetImportParameters requested are different than current active one (requested -> active):
  custom:scripting/monoscript/fileName/ArrowSettings.cs: 304fd55359ab1620598e02dd81c03219 -> 
  custom:container-demuxer-ogg: 62fdf1f143b41e24485cea50d1cbac27 -> 
  custom:scripting/monoscript/fileName/VisMaths.cs: bfe787ff15edd98326f7971ae9e09e04 -> 
  custom:scripting/monoscript/fileName/FluidBehaviour.cs: bb7cb70b0c00c4615ea7fc651f01c110 -> 
  custom:scripting/monoscript/fileName/GraphColours.cs: 80bf2fa9400a13ae6b10824befbc3ae1 -> 
  custom:scripting/monoscript/fileName/GridEditor.cs: f4a62cded9d2f31ea0045e272777560a -> 
  custom:video-decoder-ogg-theora: a1e56fd34408186e4bbccfd4996cb3dc -> 
  custom:framework-win-MediaFoundation: 216162199b28c13a410421893ffa2e32 -> 
  custom:scripting/monoscript/fileName/ArrayHelper.cs: 8743b9089ff88462a62690119b26d5c4 -> 
  custom:scripting/monoscript/fileName/VectorHelper.cs: e2c63cb286fcd4c5d70f548ba724eb44 -> 
  custom:scripting/monoscript/fileName/ExtensionMethods.cs: 7fc3b38c288311651540771c5a66a9dd -> 
  custom:CustomObjectIndexerAttribute: 9a22284fe3817be447336de3de66b15e -> 
  custom:scripting/monoscript/fileName/GraphGrid.cs: 29a740e0269aeb30f858a6d9f6872d6e -> 
  custom:container-demuxer-webm: 4f35f7cbe854078d1ac9338744f61a02 -> 
  custom:scripting/monoscript/fileName/DrawManager.cs: cec44b4c2cd804c217ee710633368924 -> 
  custom:scripting/monoscript/fileName/Draw.cs: 0a2f53ab4d5eeebe12267e1dfb179001 -> 
  custom:scripting/monoscript/fileName/Polygon.cs: bd937b1e4ce49990e43d3a3e2f05a6b3 -> 074eefc3142862da475643e41c179080
  custom:scripting/monoscript/fileName/Triangulator.cs: 9e7ee25c1884417d551d6943a71394e5 -> d867a9a7a8385ef82ff357feb70c59d4
  custom:scripting/monoscript/fileName/Ease.cs: 0c54cd5c7f5329d62a67bb3984adb577 -> 
  custom:container-muxer-webm: aa71ff27fc2769a1b78a27578f13a17b -> 
  custom:scripting/monoscript/fileName/PathDrawer.cs: 67f8d8e72263ceae87c72297107f1a95 -> 
  custom:video-decoder-webm-vp8: 9c59270c3fd7afecdb556c50c9e8de78 -> 
  custom:scripting/monoscript/fileName/QuadMeshGenerator.cs: e648804f55c2634523d28a889d58ea85 -> 
  custom:SearchIndexIgnoredProperties: e643bd26f0fe6173181afceb89e7c659 -> 
  custom:AudioImporter_EditorPlatform: d09bf68614088b80899f8185d706f6e7 -> 
  custom:scripting/monoscript/fileName/CubeMeshGenerator.cs: aaddb8fb0795c1d534c5f87a462474b8 -> 
  custom:scripting/monoscript/fileName/ComputeHelper.cs: 597e17e32c8710d4bc90b847d71719f5 -> 
  custom:scripting/monoscript/fileName/DrawerBase.cs: 3dbcc304847a77b7b8e5dfb3809d1a12 -> 
  custom:scripting/monoscript/fileName/DrawMaterials.cs: 751e0d6c8e7397347d5bfb75a4479c2e -> 
  custom:scripting/monoscript/fileName/Maths.cs: 0bf46472d0faa086cd48ee93be1a1834 -> 
  custom:scripting/monoscript/fileName/SphereMeshGenerator.cs: 33311bc2918761ad93ba77f69377670b -> 
  custom:scripting/monoscript/fileName/FunctionPlotter.cs: 756655855119a0cab5d868b3fb474847 -> 
  custom:video-encoder-webm-vp8: eb34c28f22e8b96e1ab97ce403110664 -> 
  custom:scripting/monoscript/fileName/PolygonMeshGenerator.cs: ff4b5c9e7e4683fbd248ecd0879ac6ed -> 
  custom:audio-decoder-ogg-vorbis: bf7c407c2cedff20999df2af8eb42d56 -> 
  custom:scripting/monoscript/fileName/IOHelper.cs: 40da2c3c8ddc5a3f653700b95e252565 -> 
  custom:scripting/monoscript/fileName/PathDrawPool.cs: ccea1c4df46178cac36fc52783b6601f -> 
  custom:audio-encoder-webm-vorbis: bf7c407c2cedff20999df2af8eb42d56 -> 
  custom:scripting/precompiled-assembly-types:Assembly-CSharp-Editor: 3bd5eddd55ae523205571ead983fd407 -> 
  custom:scripting/monoscript/fileName/Pool.cs: 90647cc400823b41df847a6cbfc29026 -> 
  custom:scripting/precompiled-assembly-types:Assembly-CSharp: 82c9a0b84e81c628ca889ceadd0bd2bc -> 
  custom:scripting/monoscript/fileName/TransformHelper.cs: 00a5a0f8b313811e08b1b4177191402c -> 
  custom:scripting/monoscript/fileName/ArrowDrawer.cs: e8ba205eb200ab88a6c4cb5f33808ec5 -> 
